<?xml version="1.0" encoding="UTF-8"?>
<testng-results ignored="0" total="1" passed="1" failed="0" skipped="0">
  <reporter-output>
  </reporter-output>
  <suite started-at="2023-10-16T18:41:37 IST" name="Default suite" finished-at="2023-10-16T18:41:53 IST" duration-ms="16042">
    <groups>
    </groups>
    <test started-at="2023-10-16T18:41:37 IST" name="Default test" finished-at="2023-10-16T18:41:53 IST" duration-ms="16042">
      <class name="mavenforjenkins.UItest">
        <test-method signature="startBrowser()[pri:0, instance:mavenforjenkins.UItest@121314f7]" started-at="2023-10-16T18:41:37 IST" name="startBrowser" finished-at="2023-10-16T18:41:53 IST" duration-ms="15972" status="PASS">
          <reporter-output>
          </reporter-output>
        </test-method> <!-- startBrowser -->
      </class> <!-- mavenforjenkins.UItest -->
    </test> <!-- Default test -->
  </suite> <!-- Default suite -->
</testng-results>
